c:\users\zlygo\source\repos\linq2d\sauvolabinarizecpp\x64\debug\sauvolabinarizecpp.pch
c:\users\zlygo\source\repos\linq2d\sauvolabinarizecpp\x64\debug\vc143.pdb
c:\users\zlygo\source\repos\linq2d\sauvolabinarizecpp\x64\debug\vc143.idb
c:\users\zlygo\source\repos\linq2d\sauvolabinarizecpp\x64\debug\pch.obj
c:\users\zlygo\source\repos\linq2d\sauvolabinarizecpp\x64\debug\sauvolabinarizecpp.obj
c:\users\zlygo\source\repos\linq2d\sauvolabinarizecpp\x64\debug\preintegrate.obj
c:\users\zlygo\source\repos\linq2d\sauvolabinarizecpp\x64\debug\dllmain.obj
c:\users\zlygo\source\repos\linq2d\sauvolabinarizecpp\x64\debug\c4asm.obj
c:\users\zlygo\source\repos\linq2d\sauvolabinarizecpp\x64\debug\c4.obj
c:\users\zlygo\source\repos\linq2d\sauvolabinarizecpp\x64\debug\sauvolabinarizecpp.ilk
c:\users\zlygo\source\repos\linq2d\x64\debug\sauvolabinarizecpp.dll
c:\users\zlygo\source\repos\linq2d\x64\debug\sauvolabinarizecpp.pdb
c:\users\zlygo\source\repos\linq2d\x64\debug\sauvolabinarizecpp.lib
c:\users\zlygo\source\repos\linq2d\x64\debug\sauvolabinarizecpp.exp
c:\users\zlygo\source\repos\linq2d\sauvolabinarizecpp\x64\debug\sauvolab.9d297d64.tlog\cl.command.1.tlog
c:\users\zlygo\source\repos\linq2d\sauvolabinarizecpp\x64\debug\sauvolab.9d297d64.tlog\cl.read.1.tlog
c:\users\zlygo\source\repos\linq2d\sauvolabinarizecpp\x64\debug\sauvolab.9d297d64.tlog\cl.write.1.tlog
c:\users\zlygo\source\repos\linq2d\sauvolabinarizecpp\x64\debug\sauvolab.9d297d64.tlog\link.command.1.tlog
c:\users\zlygo\source\repos\linq2d\sauvolabinarizecpp\x64\debug\sauvolab.9d297d64.tlog\link.read.1.tlog
c:\users\zlygo\source\repos\linq2d\sauvolabinarizecpp\x64\debug\sauvolab.9d297d64.tlog\link.write.1.tlog
c:\users\zlygo\source\repos\linq2d\sauvolabinarizecpp\x64\debug\sauvolab.9d297d64.tlog\sauvolabinarizecpp.write.1u.tlog
